<?xml version="1.0" encoding="UTF-8"?>
<!-- Generated by org.testng.reporters.JUnitReportReporter -->
<testsuite hostname="JAVA" name="testngcode.FunctionTest" tests="1" failures="0" timestamp="16 Sep 2014 12:14:51 GMT" time="0.016" errors="0">
  <testcase name="FuncMethod" time="0.016" classname="testngcode.FunctionTest"/>
</testsuite> <!-- testngcode.FunctionTest -->
