<?xml version="1.0" encoding="UTF-8"?>
<!-- Generated by org.testng.reporters.JUnitReportReporter -->
<testsuite hostname="JAVA" name="testngcode.GrpCls" tests="2" failures="0" timestamp="16 Sep 2014 13:38:47 GMT" time="0.016" errors="0">
  <testcase name="f1" time="0.000" classname="testngcode.GrpCls"/>
  <testcase name="f" time="0.016" classname="testngcode.GrpCls"/>
</testsuite> <!-- testngcode.GrpCls -->
