<?xml version="1.0" encoding="UTF-8"?>
<!-- Generated by org.testng.reporters.JUnitReportReporter -->
<testsuite hostname="JAVA" name="testngcode.SmokeTest" tests="2" failures="0" timestamp="16 Sep 2014 12:20:47 GMT" time="0.008" errors="0">
  <testcase name="SmokeMethod" time="0.008" classname="testngcode.SmokeTest"/>
  <testcase name="SmokeMethod2" time="0.000" classname="testngcode.SmokeTest"/>
</testsuite> <!-- testngcode.SmokeTest -->
