<?xml version="1.0" encoding="UTF-8"?>
<!-- Generated by org.testng.reporters.JUnitReportReporter -->
<testsuite hostname="JAVA" name="testngcode.DataProvider" tests="3" failures="0" timestamp="16 Sep 2014 17:52:20 GMT" time="0.031" errors="0">
  <testcase name="PrintMovie" time="0.000" classname="testngcode.DataProvider"/>
  <testcase name="PrintMovie" time="0.031" classname="testngcode.DataProvider"/>
  <testcase name="PrintMovie" time="0.000" classname="testngcode.DataProvider"/>
</testsuite> <!-- testngcode.DataProvider -->
